make: Entering directory '/home/vscode/rems/linux-pkvm-verif-2/cl'
../../isla/target/release/isla-execute-function \
	-A ../../isla-snapshots/armv9.ir \
	-S ../../sail-arm/armv9.3-a/src/ \
	-C ./pkvm_isla_config.toml \
	-R "PSTATE.EL=0b01" \
	--simplify --simplify-registers --no-model-reg-init \
	AArch64_DataAbort 0x0000000000FF0000 '{	statuscode = Fault_Translation, acctype = AccType_NORMAL, ipaddress = { paspace = PAS_NonSecure, address = 0x0000000000000 }, paddress = { paspace = PAS_NonSecure, address = 0x0000000000000 }, gpcf = { gpf = GPCF_None, level = 0 }, gpcfs2walk = false, s2fs1walk = false, write = false, level = 0, extflag = 0b1, secondstage = false, domain = 0b0000, errortype = 0b00, debugmoe = 0b0000 }' --traces
Result: (_ poison)
(trace
  (write-reg |CNTCR| nil #x00000000)
  (write-reg |DBGEN| nil |LOW|)
  (write-reg |HCR_EL2| nil #x80080001)
  (write-reg |ID_AA64AFR0_EL1| nil #x0)
  (write-reg |ID_AA64AFR1_EL1| nil #x0)
  (write-reg |ID_AA64DFR0_EL1| nil #x10305106)
  (write-reg |ID_AA64DFR1_EL1| nil #x0)
  (write-reg |ID_AA64ISAR0_EL1| nil #x11120)
  (write-reg |ID_AA64ISAR1_EL1| nil #x0)
  (write-reg |ID_AA64MMFR0_EL1| nil #x1124)
  (write-reg |ID_AA64MMFR1_EL1| nil #x0)
  (write-reg |ID_AA64MMFR2_EL1| nil #x0)
  (write-reg |ID_AA64PFR0_EL1| nil #x1000222)
  (write-reg |ID_AA64PFR1_EL1| nil #x0)
  (write-reg |MAIR_EL2| nil #x40e44ffff)
  (write-reg |MDCCSR_EL0| nil #x0000000000000000)
  (assume-reg |MDCCSR_EL0| nil #x0000000000000000)
  (write-reg |MDCR_EL2| nil #x4)
  (write-reg |OSECCR_EL1| nil #x0000000000000000)
  (declare-const v5 (_ BitVec 1)) ; SourceLoc { file: -1, line1: 0, char1: 0, line2: 0, char2: 0 }
  (declare-const v8 (_ BitVec 1)) ; SourceLoc { file: -1, line1: 0, char1: 0, line2: 0, char2: 0 }
  (declare-const v17 (_ BitVec 1)) ; SourceLoc { file: -1, line1: 0, char1: 0, line2: 0, char2: 0 }
  (declare-const v21 (_ BitVec 1)) ; SourceLoc { file: -1, line1: 0, char1: 0, line2: 0, char2: 0 }
  (declare-const v26 (_ BitVec 1)) ; SourceLoc { file: -1, line1: 0, char1: 0, line2: 0, char2: 0 }
  (write-reg |PSTATE| ((_ field |A|)) (_ struct (|A| #b1)))
  (assume-reg |PSTATE| ((_ field |A|)) #b1)
  (write-reg |PSTATE| ((_ field |ALLINT|)) (_ struct (|ALLINT| #b0)))
  (assume-reg |PSTATE| ((_ field |ALLINT|)) #b0)
  (write-reg |PSTATE| ((_ field |BTYPE|)) (_ struct (|BTYPE| #b00)))
  (assume-reg |PSTATE| ((_ field |BTYPE|)) #b00)
  (write-reg |PSTATE| ((_ field |D|)) (_ struct (|D| #b1)))
  (assume-reg |PSTATE| ((_ field |D|)) #b1)
  (write-reg |PSTATE| ((_ field |DIT|)) (_ struct (|DIT| #b0)))
  (assume-reg |PSTATE| ((_ field |DIT|)) #b0)
  (write-reg |PSTATE| ((_ field |EL|)) (_ struct (|EL| #b10)))
  (assume-reg |PSTATE| ((_ field |EL|)) #b10)
  (write-reg |PSTATE| ((_ field |F|)) (_ struct (|F| #b1)))
  (assume-reg |PSTATE| ((_ field |F|)) #b1)
  (write-reg |PSTATE| ((_ field |I|)) (_ struct (|I| #b1)))
  (assume-reg |PSTATE| ((_ field |I|)) #b1)
  (write-reg |PSTATE| ((_ field |IL|)) (_ struct (|IL| #b0)))
  (assume-reg |PSTATE| ((_ field |IL|)) #b0)
  (write-reg |PSTATE| ((_ field |PAN|)) (_ struct (|PAN| #b0)))
  (assume-reg |PSTATE| ((_ field |PAN|)) #b0)
  (write-reg |PSTATE| ((_ field |SM|)) (_ struct (|SM| #b0)))
  (write-reg |PSTATE| ((_ field |SP|)) (_ struct (|SP| #x1)))
  (assume-reg |PSTATE| ((_ field |SP|)) #x1)
  (write-reg |PSTATE| ((_ field |SSBS|)) (_ struct (|SSBS| #b0)))
  (assume-reg |PSTATE| ((_ field |SSBS|)) #b0)
  (write-reg |PSTATE| ((_ field |TCO|)) (_ struct (|TCO| #b0)))
  (write-reg |PSTATE| ((_ field |UAO|)) (_ struct (|UAO| #b0)))
  (assume-reg |PSTATE| ((_ field |UAO|)) #b0)
  (write-reg |PSTATE| ((_ field |nRW|)) (_ struct (|nRW| #b0)))
  (assume-reg |PSTATE| ((_ field |nRW|)) #b0)
  (write-reg |SCR_EL3| nil #x0000000000000000)
  (assume-reg |SCR_EL3| nil #x0000000000000000)
  (write-reg |SCTLR_EL1| nil #x0000000004000000)
  (assume-reg |SCTLR_EL1| nil #x0000000004000000)
  (write-reg |SCTLR_EL2| nil #x30ed183d)
  (write-reg |SMCR_EL1| nil #x0000000000000000)
  (assume-reg |SMCR_EL1| nil #x0000000000000000)
  (write-reg |SMCR_EL3| nil #x0000000000000000)
  (assume-reg |SMCR_EL3| nil #x0000000000000000)
  (write-reg |SPIDEN| nil |LOW|)
  (write-reg |TCR_EL1| nil #x0000000000000000)
  (assume-reg |TCR_EL1| nil #x0000000000000000)
  (write-reg |TCR_EL2| nil #x80843510)
  (write-reg |TSTATE| ((_ field |depth|)) (_ struct (|depth| (_ bv0 128))))
  (assume-reg |TSTATE| ((_ field |depth|)) (_ bv0 128))
  (write-reg |VBAR_EL1| nil #x1111222233334444)
  (assume-reg |VBAR_EL1| nil #x1111222233334444)
  (write-reg |VTCR_EL2| nil #x80243594)
  (write-reg |ZCR_EL1| nil #x0000000000000000)
  (assume-reg |ZCR_EL1| nil #x0000000000000000)
  (write-reg |ZCR_EL2| nil #x0000000000000000)
  (write-reg |ZCR_EL3| nil #x0000000000000000)
  (assume-reg |ZCR_EL3| nil #x0000000000000000)
  (write-reg |_EDSCR_0_28| nil #x000000)
  (assume-reg |_EDSCR_0_28| nil #x000000)
  (write-reg |_EDSCR_31_31| nil #b0)
  (assume-reg |_EDSCR_31_31| nil #b0)
  (write-reg |__ThisInstrEnc| nil |__A64|)
  (assume-reg |__ThisInstrEnc| nil |__A64|)
  (write-reg |PSTATE| ((_ field |EL|)) (_ struct (|EL| #b01)))
  (assume-reg |PSTATE| ((_ field |EL|)) #b01)
  (read-reg |SCR_EL3| nil #x0000000000000000)
  (read-reg |__highest_el_aarch32| nil false)
  (define-enum |ArchVersion| 13 (|ARMv8p0| |ARMv8p1| |ARMv8p2| |ARMv8p3| |ARMv8p4| |ARMv8p5| |ARMv8p6| |ARMv8p7| |ARMv8p8| |ARMv9p0| |ARMv9p1| |ARMv9p2| |ARMv9p3|))
  (declare-const v139 (_ BitVec 64)) ; SourceLoc { file: 14, line1: 46, char1: 27, line2: 46, char2: 43 }
  (read-reg |_PC| nil v139)
  (define-const v140 v139)
  (read-reg |PSTATE| ((_ field |EL|)) (_ struct (|EL| #b01)))
  (define-enum |Exception| 39 (|Exception_Uncategorized| |Exception_WFxTrap| |Exception_CP15RTTrap| |Exception_CP15RRTTrap| |Exception_CP14RTTrap| |Exception_CP14DTTrap| |Exception_CP14RRTTrap| |Exception_AdvSIMDFPAccessTrap| |Exception_FPIDTrap| |Exception_LDST64BTrap| |Exception_PACTrap| |Exception_IllegalState| |Exception_SupervisorCall| |Exception_HypervisorCall| |Exception_MonitorCall| |Exception_SystemRegisterTrap| |Exception_ERetTrap| |Exception_InstructionAbort| |Exception_PCAlignment| |Exception_DataAbort| |Exception_NV2DataAbort| |Exception_PACFail| |Exception_SPAlignment| |Exception_FPTrappedException| |Exception_SError| |Exception_Breakpoint| |Exception_SoftwareStep| |Exception_Watchpoint| |Exception_NV2Watchpoint| |Exception_SoftwareBreakpoint| |Exception_VectorCatch| |Exception_IRQ| |Exception_SVEAccessTrap| |Exception_SMEAccessTrap| |Exception_TSTARTAccessTrap| |Exception_GPC| |Exception_BranchTarget| |Exception_MemCpyMemSet| |Exception_FIQ|))
  (define-enum |PASpace| 4 (|PAS_NonSecure| |PAS_Secure| |PAS_Root| |PAS_Realm|))
  (define-enum |AccType| 29 (|AccType_NORMAL| |AccType_STREAM| |AccType_VEC| |AccType_VECSTREAM| |AccType_SVE| |AccType_SVESTREAM| |AccType_SME| |AccType_SMESTREAM| |AccType_UNPRIVSTREAM| |AccType_A32LSMD| |AccType_ATOMIC| |AccType_ATOMICRW| |AccType_ORDERED| |AccType_ORDEREDRW| |AccType_ORDEREDATOMIC| |AccType_ORDEREDATOMICRW| |AccType_ATOMICLS64| |AccType_LIMITEDORDERED| |AccType_UNPRIV| |AccType_IFETCH| |AccType_TTW| |AccType_NONFAULT| |AccType_CNOTFIRST| |AccType_NV2REGISTER| |AccType_DC| |AccType_IC| |AccType_DCZVA| |AccType_ATPAN| |AccType_AT|))
  (define-enum |Fault| 23 (|Fault_None| |Fault_AccessFlag| |Fault_Alignment| |Fault_Background| |Fault_Domain| |Fault_Permission| |Fault_Translation| |Fault_AddressSize| |Fault_SyncExternal| |Fault_SyncExternalOnWalk| |Fault_SyncParity| |Fault_SyncParityOnWalk| |Fault_GPCFOnWalk| |Fault_GPCFOnOutput| |Fault_AsyncParity| |Fault_AsyncExternal| |Fault_Debug| |Fault_TLBConflict| |Fault_BranchTarget| |Fault_HWUpdateAccessFlag| |Fault_Lockdown| |Fault_Exclusive| |Fault_ICacheMaint|))
  (define-enum |GPCF| 5 (|GPCF_None| |GPCF_AddressSize| |GPCF_Walk| |GPCF_EABT| |GPCF_Fail|))
  (abstract-primop |sail_take_exception| (_ unit) (|Some| (_ struct (|acctype| |AccType_NORMAL|) (|errortype| #b00) (|debugmoe| #x0) (|write| false) (|s2fs1walk| false) (|paddress| (_ struct (|paspace| |PAS_NonSecure|) (|address| #x0000000000000))) (|extflag| #b1) (|level| (_ bv0 128)) (|ipaddress| (_ struct (|address| #x0000000000000) (|paspace| |PAS_NonSecure|))) (|gpcf| (_ struct (|level| (_ bv0 128)) (|gpf| |GPCF_None|))) (|secondstage| false) (|gpcfs2walk| false) (|domain| #x0) (|statuscode| |Fault_Translation|))))
  (read-reg |SCTLR_EL1| nil #x0000000004000000)
  (read-reg |TSTATE| ((_ field |depth|)) (_ struct (|depth| (_ bv0 128))))
  (read-reg |PSTATE| ((_ field |nRW|)) (_ struct (|nRW| #b0)))
  (read-reg |SMCR_EL1| nil #x0000000000000000)
  (read-reg |SMCR_EL3| nil #x0000000000000000)
  (read-reg |__max_implemented_smeveclen| nil (_ bv512 128))
  (read-reg |__has_sme| nil false)
  (read-reg |ZCR_EL1| nil #x0000000000000000)
  (read-reg |ZCR_EL3| nil #x0000000000000000)
  (read-reg |PSTATE| ((_ field |SP|)) (_ struct (|SP| #x1)))
  (define-enum |ExceptionalOccurrenceTargetState| 3 (|AArch32_NonDebugState| |AArch64_NonDebugState| |DebugState|))
  (read-reg |PSTATE| ((_ field |N|)) (_ struct (|N| v17)))
  (read-reg |PSTATE| ((_ field |Z|)) (_ struct (|Z| v5)))
  (read-reg |PSTATE| ((_ field |C|)) (_ struct (|C| v8)))
  (read-reg |PSTATE| ((_ field |V|)) (_ struct (|V| v26)))
  (read-reg |PSTATE| ((_ field |PAN|)) (_ struct (|PAN| #b0)))
  (read-reg |PSTATE| ((_ field |IL|)) (_ struct (|IL| #b0)))
  (read-reg |__mte_implemented| nil #x0)
  (read-reg |PSTATE| ((_ field |DIT|)) (_ struct (|DIT| #b0)))
  (read-reg |PSTATE| ((_ field |UAO|)) (_ struct (|UAO| #b0)))
  (read-reg |PSTATE| ((_ field |SS|)) (_ struct (|SS| v21)))
  (read-reg |PSTATE| ((_ field |ALLINT|)) (_ struct (|ALLINT| #b0)))
  (read-reg |PSTATE| ((_ field |SSBS|)) (_ struct (|SSBS| #b0)))
  (read-reg |PSTATE| ((_ field |BTYPE|)) (_ struct (|BTYPE| #b00)))
  (read-reg |PSTATE| ((_ field |D|)) (_ struct (|D| #b1)))
  (read-reg |PSTATE| ((_ field |A|)) (_ struct (|A| #b1)))
  (read-reg |PSTATE| ((_ field |I|)) (_ struct (|I| #b1)))
  (read-reg |PSTATE| ((_ field |F|)) (_ struct (|F| #b1)))
  (define-enum |Unpredictable| 68 (|Unpredictable_VMSR| |Unpredictable_WBOVERLAPLD| |Unpredictable_WBOVERLAPST| |Unpredictable_LDPOVERLAP| |Unpredictable_BASEOVERLAP| |Unpredictable_DATAOVERLAP| |Unpredictable_DEVPAGE2| |Unpredictable_INSTRDEVICE| |Unpredictable_RESCPACR| |Unpredictable_RESMAIR| |Unpredictable_S1CTAGGED| |Unpredictable_S2RESMEMATTR| |Unpredictable_RESTEXCB| |Unpredictable_RESPRRR| |Unpredictable_RESDACR| |Unpredictable_RESVTCRS| |Unpredictable_RESTnSZ| |Unpredictable_RESTCF| |Unpredictable_DEVICETAGSTORE| |Unpredictable_OORTnSZ| |Unpredictable_LARGEIPA| |Unpredictable_ESRCONDPASS| |Unpredictable_ILZEROIT| |Unpredictable_ILZEROT| |Unpredictable_BPVECTORCATCHPRI| |Unpredictable_VCMATCHHALF| |Unpredictable_VCMATCHDAPA| |Unpredictable_WPMASKANDBAS| |Unpredictable_WPBASCONTIGUOUS| |Unpredictable_RESWPMASK| |Unpredictable_WPMASKEDBITS| |Unpredictable_RESBPWPCTRL| |Unpredictable_BPNOTIMPL| |Unpredictable_RESBPTYPE| |Unpredictable_BPNOTCTXCMP| |Unpredictable_BPMATCHHALF| |Unpredictable_BPMISMATCHHALF| |Unpredictable_RESTARTALIGNPC| |Unpredictable_RESTARTZEROUPPERPC| |Unpredictable_ZEROUPPER| |Unpredictable_ERETZEROUPPERPC| |Unpredictable_A32FORCEALIGNPC| |Unpredictable_SMD| |Unpredictable_NONFAULT| |Unpredictable_SVEZEROUPPER| |Unpredictable_SVELDNFDATA| |Unpredictable_SVELDNFZERO| |Unpredictable_CHECKSPNONEACTIVE| |Unpredictable_SMEZEROUPPER| |Unpredictable_NVNV1| |Unpredictable_Shareability| |Unpredictable_AFUPDATE| |Unpredictable_IESBinDebug| |Unpredictable_BADPMSFCR| |Unpredictable_ZEROBTYPE| |Unpredictable_EL2TIMESTAMP| |Unpredictable_EL1TIMESTAMP| |Unpredictable_RESERVEDNSxB| |Unpredictable_WFxTDEBUG| |Unpredictable_LS64UNSUPPORTED| |Unpredictable_MISALIGNEDATOMIC| |Unpredictable_CLEARERRITEZERO| |Unpredictable_ALUEXCEPTIONRETURN| |Unpredictable_IGNORETRAPINDEBUG| |Unpredictable_DBGxVR_RESS| |Unpredictable_PMUEVENTCOUNTER| |Unpredictable_PMSCR_PCT| |Unpredictable_BRBFILTRATE|))
  (define-enum |Constraint| 26 (|Constraint_NONE| |Constraint_UNKNOWN| |Constraint_UNDEF| |Constraint_UNDEFEL0| |Constraint_NOP| |Constraint_TRUE| |Constraint_FALSE| |Constraint_DISABLED| |Constraint_UNCOND| |Constraint_COND| |Constraint_ADDITIONAL_DECODE| |Constraint_WBSUPPRESS| |Constraint_FAULT| |Constraint_LIMITED_ATOMICITY| |Constraint_NVNV1_00| |Constraint_NVNV1_01| |Constraint_NVNV1_11| |Constraint_OSH| |Constraint_ISH| |Constraint_NSH| |Constraint_NC| |Constraint_WT| |Constraint_WB| |Constraint_FORCE| |Constraint_FORCENOSLCHECK| |Constraint_PMSCR_PCT_VIRT|))
  (define-enum |__InstrEnc| 4 (|__A64| |__A32| |__T16| |__T32|))
  (read-reg |__ThisInstrEnc| nil |__A64|)
  (write-reg |ESR_EL1| nil #x0000000096000004)
  (write-reg |FAR_EL1| nil #x0000000000ff0000)
  (read-reg |__brbe_implemented| nil false)
  (write-reg |PSTATE| ((_ field |EL|)) (_ struct (|EL| #b01)))
  (write-reg |PSTATE| ((_ field |nRW|)) (_ struct (|nRW| #b0)))
  (write-reg |PSTATE| ((_ field |SP|)) (_ struct (|SP| #b1)))
  (read-reg |PSTATE| ((_ field |nRW|)) (_ struct (|nRW| #b0)))
  (read-reg |PSTATE| ((_ field |EL|)) (_ struct (|EL| #b01)))
  (define-const v590 ((_ zero_extend 0) (bvor (bvand (bvor (bvand (bvor (bvand (bvor (bvand (bvor (bvand (bvor (bvand (bvor (bvand (bvor (bvand (bvor (bvand (bvor (bvand (bvor (bvand (bvor (bvand (bvor (bvand (bvor #x0000000000000000 (bvshl ((_ zero_extend 60) (concat v17 (concat v5 (concat v8 v26)))) #x000000000000001c)) #xffffffffffbfffff) #x0000000000000000) #xffffffffffefffff) #x0000000000000000) #xfffffffffeffffff) #x0000000000000000) #xffffffffff7fffff) #x0000000000000000) #xffffffffffdfffff) (bvshl ((_ zero_extend 63) ((_ extract 0 0) (bvlshr v21 #b0))) #x0000000000000015)) #xffffffffffffdfff) #x0000000000000000) #xffffffffffffefff) #x0000000000000000) #xfffffffffffff3ff) #x0000000000000000) #xfffffffffffffc3f) #x00000000000003c0) #xffffffffffffffef) #x0000000000000000) #xfffffffffffffff3) #x0000000000000004) #xfffffffffffffffe) #x0000000000000001) #xfffffffffffff3ff) #x0000000000000000)))
  (write-reg |SPSR_EL1| nil v590)
  (write-reg |ELR_EL1| nil v140)
  (write-reg |PSTATE| ((_ field |SS|)) (_ struct (|SS| #b0)))
  (write-reg |PSTATE| ((_ field |ALLINT|)) (_ struct (|ALLINT| #b1)))
  (write-reg |PSTATE| ((_ field |D|)) (_ struct (|D| #b1)))
  (write-reg |PSTATE| ((_ field |A|)) (_ struct (|A| #b1)))
  (write-reg |PSTATE| ((_ field |I|)) (_ struct (|I| #b1)))
  (write-reg |PSTATE| ((_ field |F|)) (_ struct (|F| #b1)))
  (write-reg |PSTATE| ((_ field |IL|)) (_ struct (|IL| #b0)))
  (write-reg |PSTATE| ((_ field |PAN|)) (_ struct (|PAN| #b1)))
  (write-reg |PSTATE| ((_ field |UAO|)) (_ struct (|UAO| #b0)))
  (write-reg |PSTATE| ((_ field |BTYPE|)) (_ struct (|BTYPE| #b00)))
  (write-reg |PSTATE| ((_ field |SSBS|)) (_ struct (|SSBS| #b0)))
  (read-reg |VBAR_EL1| nil #x1111222233334444)
  (define-enum |BranchType| 11 (|BranchType_DIRCALL| |BranchType_INDCALL| |BranchType_ERET| |BranchType_DBGEXIT| |BranchType_RET| |BranchType_DIR| |BranchType_INDIR| |BranchType_EXCEPTION| |BranchType_TMFAIL| |BranchType_RESET| |BranchType_UNKNOWN|))
  (read-reg |TCR_EL1| nil #x0000000000000000)
  (branch-address #x1111222233334000)
  (write-reg |_PC| nil #x1111222233334000)
  (write-reg |__BranchTaken| nil true)
  (read-reg |__rme_implemented| nil false)
  (define-enum |SecurityState| 4 (|SS_NonSecure| |SS_Root| |SS_Realm| |SS_Secure|))
  (declare-const v629 (_ BitVec 32)) ; SourceLoc { file: 9, line1: 2592, char1: 19, line2: 2592, char2: 28 }
  (read-reg |MDCCSR_EL0| nil #x0000000000000000)
  (read-reg |_EDSCR_0_28| nil #x000000)
  (read-reg |_EDSCR_31_31| nil #b0)
  (assert (not (= (bvor ((_ extract 5 0) (bvand (bvor (bvand (bvor (bvand v629 #x9fffffff) #x00000000) #xff000000) #x00000000) #x7fffffff)) #b000000) #b000001)))
  (declare-const v635 (_ BitVec 32)) ; SourceLoc { file: 9, line1: 2592, char1: 19, line2: 2592, char2: 28 }
  (assert (not (= (bvor ((_ extract 5 0) (bvand (bvor (bvand (bvor (bvand v635 #x9fffffff) #x00000000) #xff000000) #x00000000) #x7fffffff)) #b000000) #b000010)))
  (write-reg |Final result| nil (_ poison)))
make: Leaving directory '/home/vscode/rems/linux-pkvm-verif-2/cl'
